#
# A fatal error has been detected by the Java Runtime Environment:
#
#  EXCEPTION_ACCESS_VIOLATION (0xc0000005) at pc=0x0000000000f4e2a0, pid=28980, tid=0x0000000000003854
#
# JRE version: Java(TM) SE Runtime Environment (8.0_111-b14) (build 1.8.0_111-b14)
# Java VM: Java HotSpot(TM) 64-Bit Server VM (25.111-b14 mixed mode windows-amd64 compressed oops)
# Problematic frame:
# C  0x0000000000f4e2a0
#
# Failed to write core dump. Minidumps are not enabled by default on client versions of Windows
#
# If you would like to submit a bug report, please visit:
#   http://bugreport.java.com/bugreport/crash.jsp
# The crash happened outside the Java Virtual Machine in native code.
# See problematic frame for where to report the bug.
#

---------------  T H R E A D  ---------------

Current thread (0x0000000023b00000):  JavaThread "LWJGL Application" [_thread_in_native, id=14420, stack(0x0000000024c20000,0x0000000024d20000)]

siginfo: ExceptionCode=0xc0000005, ExceptionInformation=0x0000000000000008 0x0000000000f4e2a0

Registers:
RAX=0x0000000024fe49c0, RBX=0x0000000024fe4d70, RCX=0x0000000024fe49c0, RDX=0x0000000024fe20b0
RSP=0x0000000024d1ee98, RBP=0x0000000000000002, RSI=0x0000000000000001, RDI=0x0000000024fe4da0
R8 =0x0000000000f4e2a0, R9 =0x0000000000000000, R10=0x0000000002877f48, R11=0x000000005cb1b580
R12=0x0000000000000000, R13=0x0000000020a434d8, R14=0x0000000024d1f068, R15=0x0000000023b00000
RIP=0x0000000000f4e2a0, EFLAGS=0x0000000000010202

Top of Stack: (sp=0x0000000024d1ee98)
0x0000000024d1ee98:   0000000062865e5e 0000000023b00000
0x0000000024d1eea8:   00000000207bb3d0 000000003c888889
0x0000000024d1eeb8:   0000000000000000 000000003c888889
0x0000000024d1eec8:   0000000024fe4d70 0000000000000001
0x0000000024d1eed8:   0000000000000002 0000000000000002
0x0000000024d1eee8:   0000000062901d7a 0000000000000000
0x0000000024d1eef8:   0000000024d1ef10 000000003c888889
0x0000000024d1ef08:   0000000000000000 000000003c888889
0x0000000024d1ef18:   0000000000000000 0000000024fe4d70
0x0000000024d1ef28:   00000000628fcc22 0000000023b00000
0x0000000024d1ef38:   00000000207bb3d0 0000000645b6d420
0x0000000024d1ef48:   0000000000000000 00000000434c0000
0x0000000024d1ef58:   0000000000000000 0000000024d1ef50
0x0000000024d1ef68:   0000000020a434d8 000000000ea19000
0x0000000024d1ef78:   0000000026f4c3b0 0000000024d1f020
0x0000000024d1ef88:   0000000002877f74 0000000000000000 

Instructions: (pc=0x0000000000f4e2a0)
0x0000000000f4e280:   40 5d 02 cd fd 7f 00 00 01 00 00 00 54 1c 00 00
0x0000000000f4e290:   80 c2 fe 24 00 00 00 00 e9 11 ea 00 00 12 00 90
0x0000000000f4e2a0:   80 90 02 cd fd 7f 00 00 01 00 00 00 00 00 00 00
0x0000000000f4e2b0:   70 e2 f4 00 00 00 00 00 eb 11 e8 00 00 13 00 90 


Register to memory mapping:

RAX=0x0000000024fe49c0 is an unknown value
RBX=0x0000000024fe4d70 is an unknown value
RCX=0x0000000024fe49c0 is an unknown value
RDX=0x0000000024fe20b0 is an unknown value
RSP=0x0000000024d1ee98 is pointing into the stack for thread: 0x0000000023b00000
RBP=0x0000000000000002 is an unknown value
RSI=0x0000000000000001 is an unknown value
RDI=0x0000000024fe4da0 is an unknown value
R8 =0x0000000000f4e2a0 is an unknown value
R9 =0x0000000000000000 is an unknown value
R10=0x0000000002877f48 is at code_begin+840 in an Interpreter codelet
method entry point (kind = native)  [0x0000000002877c00, 0x0000000002878560]  2400 bytes
R11=0x000000005cb1b580 is an unknown value
R12=0x0000000000000000 is an unknown value
R13={method} {0x0000000020a434e0} 'btDiscreteDynamicsWorld_stepSimulation__SWIG_0' '(JLcom/badlogic/gdx/physics/bullet/dynamics/btDiscreteDynamicsWorld;FIF)I' in 'com/badlogic/gdx/physics/bullet/dynamics/DynamicsJNI'
R14=0x0000000024d1f068 is pointing into the stack for thread: 0x0000000023b00000
R15=0x0000000023b00000 is a thread


Stack: [0x0000000024c20000,0x0000000024d20000],  sp=0x0000000024d1ee98,  free space=1019k
Native frames: (J=compiled Java code, j=interpreted, Vv=VM code, C=native code)
C  0x0000000000f4e2a0

Java frames: (J=compiled Java code, j=interpreted, Vv=VM code)
j  com.badlogic.gdx.physics.bullet.dynamics.DynamicsJNI.btDiscreteDynamicsWorld_stepSimulation__SWIG_0(JLcom/badlogic/gdx/physics/bullet/dynamics/btDiscreteDynamicsWorld;FIF)I+0
j  com.badlogic.gdx.physics.bullet.dynamics.btDiscreteDynamicsWorld.stepSimulation(FIF)I+8
j  com.phoenixkahlo.hellcraft.HellCraft.render()V+24
j  com.badlogic.gdx.backends.lwjgl.LwjglApplication.mainLoop()V+698
j  com.badlogic.gdx.backends.lwjgl.LwjglApplication$1.run()V+27
v  ~StubRoutines::call_stub

---------------  P R O C E S S  ---------------

Java Threads: ( => current thread )
  0x000000002a146000 JavaThread "LWJGL Timer" daemon [_thread_blocked, id=12388, stack(0x00000000285b0000,0x00000000286b0000)]
  0x0000000002762800 JavaThread "DestroyJavaVM" [_thread_blocked, id=28908, stack(0x0000000002660000,0x0000000002760000)]
=>0x0000000023b00000 JavaThread "LWJGL Application" [_thread_in_native, id=14420, stack(0x0000000024c20000,0x0000000024d20000)]
  0x0000000022cf5000 JavaThread "Service Thread" daemon [_thread_blocked, id=14764, stack(0x0000000023860000,0x0000000023960000)]
  0x0000000022cb9000 JavaThread "C1 CompilerThread3" daemon [_thread_blocked, id=14552, stack(0x0000000023760000,0x0000000023860000)]
  0x0000000022cb2800 JavaThread "C2 CompilerThread2" daemon [_thread_blocked, id=9872, stack(0x0000000023660000,0x0000000023760000)]
  0x0000000022cae800 JavaThread "C2 CompilerThread1" daemon [_thread_blocked, id=3112, stack(0x0000000023560000,0x0000000023660000)]
  0x0000000022cab000 JavaThread "C2 CompilerThread0" daemon [_thread_blocked, id=39372, stack(0x0000000023460000,0x0000000023560000)]
  0x0000000022caa000 JavaThread "Attach Listener" daemon [_thread_blocked, id=28608, stack(0x0000000023360000,0x0000000023460000)]
  0x0000000022ca7000 JavaThread "Signal Dispatcher" daemon [_thread_blocked, id=26964, stack(0x0000000023260000,0x0000000023360000)]
  0x0000000022ca0800 JavaThread "Finalizer" daemon [_thread_blocked, id=19592, stack(0x0000000023080000,0x0000000023180000)]
  0x0000000002855000 JavaThread "Reference Handler" daemon [_thread_blocked, id=6000, stack(0x0000000022b80000,0x0000000022c80000)]

Other Threads:
  0x0000000020d99800 VMThread [stack: 0x0000000022a80000,0x0000000022b80000] [id=26084]
  0x0000000022cf9800 WatcherThread [stack: 0x0000000023960000,0x0000000023a60000] [id=14148]

VM state:not at safepoint (normal execution)

VM Mutex/Monitor currently owned by a thread: None

Heap:
 PSYoungGen      total 1640960K, used 695608K [0x0000000740500000, 0x00000007a8b00000, 0x00000007c0000000)
  eden space 1572864K, 44% used [0x0000000740500000,0x000000076ab3e2a8,0x00000007a0500000)
  from space 68096K, 1% used [0x00000007a4880000,0x00000007a4990000,0x00000007a8b00000)
  to   space 68608K, 0% used [0x00000007a0500000,0x00000007a0500000,0x00000007a4800000)
 ParOldGen       total 262144K, used 89911K [0x0000000640e00000, 0x0000000650e00000, 0x0000000740500000)
  object space 262144K, 34% used [0x0000000640e00000,0x00000006465cded0,0x0000000650e00000)
 Metaspace       used 14468K, capacity 14761K, committed 14976K, reserved 1062912K
  class space    used 1752K, capacity 1837K, committed 1920K, reserved 1048576K

Card table byte_map: [0x0000000011c20000,0x0000000012820000] byte_map_base: 0x000000000ea19000

Marking Bits: (ParMarkBitMap*) 0x000000005d10a6c0
 Begin Bits: [0x0000000013820000, 0x00000000197e8000)
 End Bits:   [0x00000000197e8000, 0x000000001f7b0000)

Polling page: 0x0000000000f30000

CodeCache: size=245760Kb used=5782Kb max_used=5782Kb free=239977Kb
 bounds [0x0000000002860000, 0x0000000002e10000, 0x0000000011860000]
 total_blobs=2534 nmethods=1758 adapters=688
 compilation: enabled

Compilation events (10 events):
Event: 4.519 Thread 0x0000000022cb9000 1756       3       org.lwjgl.MemoryUtil::getAddress (9 bytes)
Event: 4.519 Thread 0x0000000022cb9000 nmethod 1756 0x0000000002e05690 code [0x0000000002e05800, 0x0000000002e05b10]
Event: 4.520 Thread 0x0000000022cb9000 1758       3       com.badlogic.gdx.graphics.g3d.Attributes::clear (13 bytes)
Event: 4.520 Thread 0x0000000022cb9000 nmethod 1758 0x0000000002e09050 code [0x0000000002e091c0, 0x0000000002e093e8]
Event: 4.520 Thread 0x0000000022cb9000 1759       3       com.badlogic.gdx.backends.lwjgl.LwjglGL20::toFloatBuffer (30 bytes)
Event: 4.520 Thread 0x0000000022cb9000 nmethod 1759 0x0000000002e08a90 code [0x0000000002e08c00, 0x0000000002e08ef8]
Event: 4.520 Thread 0x0000000022cb9000 1760       3       com.badlogic.gdx.backends.lwjgl.LwjglGL20::ensureBufferCapacity (49 bytes)
Event: 4.521 Thread 0x0000000022cb9000 nmethod 1760 0x0000000002e07ed0 code [0x0000000002e080a0, 0x0000000002e087d8]
Event: 4.521 Thread 0x0000000022cb9000 1761       3       com.badlogic.gdx.graphics.Mesh::unbind (33 bytes)
Event: 4.521 Thread 0x0000000022cb9000 nmethod 1761 0x0000000002e09850 code [0x0000000002e09a80, 0x0000000002e0a3d8]

GC Heap History (10 events):
Event: 1.875 GC heap before
{Heap before GC invocations=4 (full 0):
 PSYoungGen      total 212992K, used 212960K [0x0000000740500000, 0x000000075a500000, 0x00000007c0000000)
  eden space 196608K, 100% used [0x0000000740500000,0x000000074c500000,0x000000074c500000)
  from space 16384K, 99% used [0x000000074c500000,0x000000074d4f8030,0x000000074d500000)
  to   space 16384K, 0% used [0x0000000759500000,0x0000000759500000,0x000000075a500000)
 ParOldGen       total 262144K, used 73454K [0x0000000640e00000, 0x0000000650e00000, 0x0000000740500000)
  object space 262144K, 28% used [0x0000000640e00000,0x00000006455bba78,0x0000000650e00000)
 Metaspace       used 14047K, capacity 14391K, committed 14720K, reserved 1062912K
  class space    used 1722K, capacity 1804K, committed 1920K, reserved 1048576K
Event: 1.883 GC heap after
Heap after GC invocations=4 (full 0):
 PSYoungGen      total 409600K, used 16368K [0x0000000740500000, 0x000000075a500000, 0x00000007c0000000)
  eden space 393216K, 0% used [0x0000000740500000,0x0000000740500000,0x0000000758500000)
  from space 16384K, 99% used [0x0000000759500000,0x000000075a4fc030,0x000000075a500000)
  to   space 16384K, 0% used [0x0000000758500000,0x0000000758500000,0x0000000759500000)
 ParOldGen       total 262144K, used 73550K [0x0000000640e00000, 0x0000000650e00000, 0x0000000740500000)
  object space 262144K, 28% used [0x0000000640e00000,0x00000006455d3a88,0x0000000650e00000)
 Metaspace       used 14047K, capacity 14391K, committed 14720K, reserved 1062912K
  class space    used 1722K, capacity 1804K, committed 1920K, reserved 1048576K
}
Event: 2.299 GC heap before
{Heap before GC invocations=5 (full 0):
 PSYoungGen      total 409600K, used 409584K [0x0000000740500000, 0x000000075a500000, 0x00000007c0000000)
  eden space 393216K, 100% used [0x0000000740500000,0x0000000758500000,0x0000000758500000)
  from space 16384K, 99% used [0x0000000759500000,0x000000075a4fc030,0x000000075a500000)
  to   space 16384K, 0% used [0x0000000758500000,0x0000000758500000,0x0000000759500000)
 ParOldGen       total 262144K, used 73550K [0x0000000640e00000, 0x0000000650e00000, 0x0000000740500000)
  object space 262144K, 28% used [0x0000000640e00000,0x00000006455d3a88,0x0000000650e00000)
 Metaspace       used 14059K, capacity 14399K, committed 14720K, reserved 1062912K
  class space    used 1722K, capacity 1804K, committed 1920K, reserved 1048576K
Event: 2.307 GC heap after
Heap after GC invocations=5 (full 0):
 PSYoungGen      total 409600K, used 16368K [0x0000000740500000, 0x0000000779000000, 0x00000007c0000000)
  eden space 393216K, 0% used [0x0000000740500000,0x0000000740500000,0x0000000758500000)
  from space 16384K, 99% used [0x0000000758500000,0x00000007594fc010,0x0000000759500000)
  to   space 71168K, 0% used [0x0000000774a80000,0x0000000774a80000,0x0000000779000000)
 ParOldGen       total 262144K, used 73686K [0x0000000640e00000, 0x0000000650e00000, 0x0000000740500000)
  object space 262144K, 28% used [0x0000000640e00000,0x00000006455f5a88,0x0000000650e00000)
 Metaspace       used 14059K, capacity 14399K, committed 14720K, reserved 1062912K
  class space    used 1722K, capacity 1804K, committed 1920K, reserved 1048576K
}
Event: 2.581 GC heap before
{Heap before GC invocations=6 (full 0):
 PSYoungGen      total 409600K, used 409584K [0x0000000740500000, 0x0000000779000000, 0x00000007c0000000)
  eden space 393216K, 100% used [0x0000000740500000,0x0000000758500000,0x0000000758500000)
  from space 16384K, 99% used [0x0000000758500000,0x00000007594fc010,0x0000000759500000)
  to   space 71168K, 0% used [0x0000000774a80000,0x0000000774a80000,0x0000000779000000)
 ParOldGen       total 262144K, used 73686K [0x0000000640e00000, 0x0000000650e00000, 0x0000000740500000)
  object space 262144K, 28% used [0x0000000640e00000,0x00000006455f5a88,0x0000000650e00000)
 Metaspace       used 14065K, capacity 14403K, committed 14720K, reserved 1062912K
  class space    used 1722K, capacity 1804K, committed 1920K, reserved 1048576K
Event: 2.588 GC heap after
Heap after GC invocations=6 (full 0):
 PSYoungGen      total 852480K, used 16624K [0x0000000740500000, 0x0000000778b00000, 0x00000007c0000000)
  eden space 786432K, 0% used [0x0000000740500000,0x0000000740500000,0x0000000770500000)
  from space 66048K, 25% used [0x0000000774a80000,0x0000000775abc030,0x0000000778b00000)
  to   space 68608K, 0% used [0x0000000770500000,0x0000000770500000,0x0000000774800000)
 ParOldGen       total 262144K, used 73694K [0x0000000640e00000, 0x0000000650e00000, 0x0000000740500000)
  object space 262144K, 28% used [0x0000000640e00000,0x00000006455f7a88,0x0000000650e00000)
 Metaspace       used 14065K, capacity 14403K, committed 14720K, reserved 1062912K
  class space    used 1722K, capacity 1804K, committed 1920K, reserved 1048576K
}
Event: 3.215 GC heap before
{Heap before GC invocations=7 (full 0):
 PSYoungGen      total 852480K, used 803056K [0x0000000740500000, 0x0000000778b00000, 0x00000007c0000000)
  eden space 786432K, 100% used [0x0000000740500000,0x0000000770500000,0x0000000770500000)
  from space 66048K, 25% used [0x0000000774a80000,0x0000000775abc030,0x0000000778b00000)
  to   space 68608K, 0% used [0x0000000770500000,0x0000000770500000,0x0000000774800000)
 ParOldGen       total 262144K, used 73694K [0x0000000640e00000, 0x0000000650e00000, 0x0000000740500000)
  object space 262144K, 28% used [0x0000000640e00000,0x00000006455f7a88,0x0000000650e00000)
 Metaspace       used 14070K, capacity 14403K, committed 14720K, reserved 1062912K
  class space    used 1722K, capacity 1804K, committed 1920K, reserved 1048576K
Event: 3.224 GC heap after
Heap after GC invocations=7 (full 0):
 PSYoungGen      total 855040K, used 960K [0x0000000740500000, 0x00000007a8c00000, 0x00000007c0000000)
  eden space 786432K, 0% used [0x0000000740500000,0x0000000740500000,0x0000000770500000)
  from space 68608K, 1% used [0x0000000770500000,0x00000007705f0000,0x0000000774800000)
  to   space 69120K, 0% used [0x00000007a4880000,0x00000007a4880000,0x00000007a8c00000)
 ParOldGen       total 262144K, used 89691K [0x0000000640e00000, 0x0000000650e00000, 0x0000000740500000)
  object space 262144K, 34% used [0x0000000640e00000,0x0000000646596d40,0x0000000650e00000)
 Metaspace       used 14070K, capacity 14403K, committed 14720K, reserved 1062912K
  class space    used 1722K, capacity 1804K, committed 1920K, reserved 1048576K
}
Event: 3.741 GC heap before
{Heap before GC invocations=8 (full 0):
 PSYoungGen      total 855040K, used 787392K [0x0000000740500000, 0x00000007a8c00000, 0x00000007c0000000)
  eden space 786432K, 100% used [0x0000000740500000,0x0000000770500000,0x0000000770500000)
  from space 68608K, 1% used [0x0000000770500000,0x00000007705f0000,0x0000000774800000)
  to   space 69120K, 0% used [0x00000007a4880000,0x00000007a4880000,0x00000007a8c00000)
 ParOldGen       total 262144K, used 89691K [0x0000000640e00000, 0x0000000650e00000, 0x0000000740500000)
  object space 262144K, 34% used [0x0000000640e00000,0x0000000646596d40,0x0000000650e00000)
 Metaspace       used 14075K, capacity 14403K, committed 14720K, reserved 1062912K
  class space    used 1722K, capacity 1804K, committed 1920K, reserved 1048576K
Event: 3.742 GC heap after
Heap after GC invocations=8 (full 0):
 PSYoungGen      total 1640960K, used 1088K [0x0000000740500000, 0x00000007a8b00000, 0x00000007c0000000)
  eden space 1572864K, 0% used [0x0000000740500000,0x0000000740500000,0x00000007a0500000)
  from space 68096K, 1% used [0x00000007a4880000,0x00000007a4990000,0x00000007a8b00000)
  to   space 68608K, 0% used [0x00000007a0500000,0x00000007a0500000,0x00000007a4800000)
 ParOldGen       total 262144K, used 89911K [0x0000000640e00000, 0x0000000650e00000, 0x0000000740500000)
  object space 262144K, 34% used [0x0000000640e00000,0x00000006465cded0,0x0000000650e00000)
 Metaspace       used 14075K, capacity 14403K, committed 14720K, reserved 1062912K
  class space    used 1722K, capacity 1804K, committed 1920K, reserved 1048576K
}

Deoptimization events (10 events):
Event: 1.525 Thread 0x0000000023b00000 Uncommon trap: reason=class_check action=maybe_recompile pc=0x0000000002d07ecc method=com.phoenixkahlo.hellcraft.ChunkRenderer.updateSurface(Lcom/phoenixkahlo/hellcraft/util/V3I;Lcom/phoenixkahlo/hellcraft/util/Direction;)Z @ 181
Event: 1.525 Thread 0x0000000023b00000 Uncommon trap: reason=unstable_if action=reinterpret pc=0x0000000002c56f20 method=scala.collection.immutable.Map$Map3.apply(Ljava/lang/Object;)Ljava/lang/Object; @ 24
Event: 1.525 Thread 0x0000000023b00000 Uncommon trap: reason=class_check action=maybe_recompile pc=0x0000000002d07e70 method=com.phoenixkahlo.hellcraft.ChunkRenderer.updateSurface(Lcom/phoenixkahlo/hellcraft/util/V3I;Lcom/phoenixkahlo/hellcraft/util/Direction;)Z @ 101
Event: 1.533 Thread 0x0000000023b00000 Uncommon trap: reason=class_check action=maybe_recompile pc=0x0000000002d07ecc method=com.phoenixkahlo.hellcraft.ChunkRenderer.updateSurface(Lcom/phoenixkahlo/hellcraft/util/V3I;Lcom/phoenixkahlo/hellcraft/util/Direction;)Z @ 181
Event: 1.533 Thread 0x0000000023b00000 Uncommon trap: reason=class_check action=maybe_recompile pc=0x0000000002d07e70 method=com.phoenixkahlo.hellcraft.ChunkRenderer.updateSurface(Lcom/phoenixkahlo/hellcraft/util/V3I;Lcom/phoenixkahlo/hellcraft/util/Direction;)Z @ 101
Event: 1.704 Thread 0x0000000023b00000 Uncommon trap: reason=unstable_if action=reinterpret pc=0x0000000002d3eb68 method=scala.collection.immutable.Map$Map3.apply(Ljava/lang/Object;)Ljava/lang/Object; @ 8
Event: 1.704 Thread 0x0000000023b00000 Uncommon trap: reason=unstable_if action=reinterpret pc=0x0000000002ce1b94 method=com.phoenixkahlo.hellcraft.Block.isTranslucent()Z @ 4
Event: 1.704 Thread 0x0000000023b00000 Uncommon trap: reason=unstable_if action=reinterpret pc=0x0000000002d33c78 method=scala.collection.immutable.Map$Map3.apply(Ljava/lang/Object;)Ljava/lang/Object; @ 8
Event: 1.732 Thread 0x0000000023b00000 Uncommon trap: reason=unstable_if action=reinterpret pc=0x0000000002d5304c method=scala.collection.immutable.Map$Map3.apply(Ljava/lang/Object;)Ljava/lang/Object; @ 8
Event: 4.477 Thread 0x0000000023b00000 Uncommon trap: reason=class_check action=maybe_recompile pc=0x0000000002da8294 method=scala.collection.mutable.HashSet.foreach(Lscala/Function1;)V @ 33

Internal exceptions (10 events):
Event: 0.183 Thread 0x0000000002762800 Exception <a 'java/security/PrivilegedActionException'> (0x0000000740d94668) thrown at [C:\re\workspace\8-2-build-windows-amd64-cygwin\jdk8u111\7883\hotspot\src\share\vm\prims\jvm.cpp, line 1386]
Event: 0.183 Thread 0x0000000002762800 Exception <a 'java/security/PrivilegedActionException'> (0x0000000740d952c0) thrown at [C:\re\workspace\8-2-build-windows-amd64-cygwin\jdk8u111\7883\hotspot\src\share\vm\prims\jvm.cpp, line 1386]
Event: 0.183 Thread 0x0000000002762800 Exception <a 'java/security/PrivilegedActionException'> (0x0000000740d95ee8) thrown at [C:\re\workspace\8-2-build-windows-amd64-cygwin\jdk8u111\7883\hotspot\src\share\vm\prims\jvm.cpp, line 1386]
Event: 0.541 Thread 0x0000000023b00000 Exception <a 'java/lang/NoSuchFieldError': method resolution failed> (0x00000007419c0dd0) thrown at [C:\re\workspace\8-2-build-windows-amd64-cygwin\jdk8u111\7883\hotspot\src\share\vm\prims\methodHandles.cpp, line 1146]
Event: 0.542 Thread 0x0000000023b00000 Exception <a 'java/lang/NoSuchFieldError': method resolution failed> (0x00000007419ce0c0) thrown at [C:\re\workspace\8-2-build-windows-amd64-cygwin\jdk8u111\7883\hotspot\src\share\vm\prims\methodHandles.cpp, line 1146]
Event: 0.718 Thread 0x0000000023b00000 Exception <a 'java/lang/NoSuchMethodError': java.lang.Object.$anonfun$flatMap$1(Lscala/Function1;Lscala/collection/mutable/Builder;Ljava/lang/Object;)Lscala/collection/mutable/Builder;> (0x000000074215bdb0) thrown at [C:\re\workspace\8-2-build-windows-amd
Event: 0.722 Thread 0x0000000023b00000 Exception <a 'java/lang/NoSuchMethodError': java.lang.Object.$anonfun$map$1(Lscala/Function1;Lscala/collection/mutable/Builder;Ljava/lang/Object;)Lscala/collection/mutable/Builder;> (0x000000074218a228) thrown at [C:\re\workspace\8-2-build-windows-amd64-c
Event: 0.722 Thread 0x0000000023b00000 Exception <a 'java/lang/NoSuchMethodError': java.lang.Object.$anonfun$$plus$plus$eq$1(Lscala/collection/generic/Growable;Ljava/lang/Object;)Lscala/collection/generic/Growable;> (0x000000074218ea10) thrown at [C:\re\workspace\8-2-build-windows-amd64-cygwin
Event: 1.053 Thread 0x0000000023b00000 Exception <a 'java/lang/NoSuchMethodError': java.lang.Object.$anonfun$toMap$1(Lscala/Predef$$less$colon$less;Lscala/collection/mutable/Builder;Ljava/lang/Object;)Lscala/collection/mutable/Builder;> (0x0000000745290438) thrown at [C:\re\workspace\8-2-build
Event: 1.149 Thread 0x0000000023b00000 Exception <a 'java/lang/NoSuchMethodError': java.lang.Object.$anonfun$foldLeft$1$adapted(Lscala/Function2;Lscala/runtime/ObjectRef;Ljava/lang/Object;)Ljava/lang/Object;> (0x0000000740cbf0e0) thrown at [C:\re\workspace\8-2-build-windows-amd64-cygwin\jdk8u1

Events (10 events):
Event: 4.495 loading class com/badlogic/gdx/graphics/g3d/shaders/DefaultShader$Setters$ACubemap done
Event: 4.499 loading class org/lwjgl/opengl/GL13
Event: 4.499 loading class org/lwjgl/opengl/GL13 done
Event: 4.527 loading class org/lwjgl/opengl/Sync
Event: 4.527 loading class org/lwjgl/opengl/Sync done
Event: 4.527 loading class org/lwjgl/opengl/Sync$RunningAvg
Event: 4.527 loading class org/lwjgl/opengl/Sync$RunningAvg done
Event: 4.527 loading class org/lwjgl/opengl/Sync$1
Event: 4.527 loading class org/lwjgl/opengl/Sync$1 done
Event: 4.527 Thread 0x000000002a146000 Thread added: 0x000000002a146000


Dynamic libraries:
0x00007ff681f90000 - 0x00007ff681fc7000 	C:\Program Files\Java\jdk1.8.0_111\bin\java.exe
0x00007ffddc8b0000 - 0x00007ffddca5d000 	C:\Windows\SYSTEM32\ntdll.dll
0x00007ffddbde0000 - 0x00007ffddbf1e000 	C:\Windows\system32\KERNEL32.DLL
0x00007ffdd9bb0000 - 0x00007ffdd9cc5000 	C:\Windows\system32\KERNELBASE.dll
0x00007ffdd8570000 - 0x00007ffdd85fe000 	C:\Windows\system32\apphelp.dll
0x00007ffdc7d30000 - 0x00007ffdc7d83000 	C:\Windows\AppPatch\AppPatch64\AcGenral.DLL
0x00007ffddc800000 - 0x00007ffddc8aa000 	C:\Windows\system32\msvcrt.dll
0x00007ffdd9d20000 - 0x00007ffdd9d4e000 	C:\Windows\system32\SspiCli.dll
0x00007ffddc120000 - 0x00007ffddc174000 	C:\Windows\system32\SHLWAPI.dll
0x00007ffdda420000 - 0x00007ffdda597000 	C:\Windows\system32\USER32.dll
0x00007ffddc660000 - 0x00007ffddc7f4000 	C:\Windows\system32\ole32.dll
0x00007ffdda8b0000 - 0x00007ffddbdd8000 	C:\Windows\system32\SHELL32.dll
0x00007ffdd8ee0000 - 0x00007ffdd8f01000 	C:\Windows\SYSTEM32\USERENV.dll
0x00007ffddc240000 - 0x00007ffddc2ea000 	C:\Windows\system32\ADVAPI32.dll
0x00007ffdd37e0000 - 0x00007ffdd37fe000 	C:\Windows\SYSTEM32\MPR.dll
0x00007ffdda5b0000 - 0x00007ffdda6f0000 	C:\Windows\system32\RPCRT4.dll
0x00007ffdd9f30000 - 0x00007ffdd9f89000 	C:\Windows\SYSTEM32\sechost.dll
0x00007ffdda190000 - 0x00007ffdda3a2000 	C:\Windows\SYSTEM32\combase.dll
0x00007ffddc330000 - 0x00007ffddc47f000 	C:\Windows\system32\GDI32.dll
0x00007ffdd99d0000 - 0x00007ffdd99e5000 	C:\Windows\SYSTEM32\profapi.dll
0x00007ffdd84b0000 - 0x00007ffdd8562000 	C:\Windows\SYSTEM32\SHCORE.dll
0x00007ffddc2f0000 - 0x00007ffddc326000 	C:\Windows\system32\IMM32.DLL
0x00007ffddc480000 - 0x00007ffddc5d2000 	C:\Windows\system32\MSCTF.dll
0x00007ffdd7ac0000 - 0x00007ffdd7d3b000 	C:\Windows\WinSxS\amd64_microsoft.windows.common-controls_6595b64144ccf1df_6.0.9600.18006_none_623f33d3ecbe86e8\COMCTL32.dll
0x000000005fa50000 - 0x000000005fb22000 	C:\Program Files\Java\jdk1.8.0_111\jre\bin\msvcr100.dll
0x000000005c8f0000 - 0x000000005d18a000 	C:\Program Files\Java\jdk1.8.0_111\jre\bin\server\jvm.dll
0x00007ffdd0ed0000 - 0x00007ffdd0ed9000 	C:\Windows\SYSTEM32\WSOCK32.dll
0x00007ffdd73f0000 - 0x00007ffdd7412000 	C:\Windows\SYSTEM32\WINMM.dll
0x00007ffdd7440000 - 0x00007ffdd744a000 	C:\Windows\SYSTEM32\VERSION.dll
0x00007ffddbf20000 - 0x00007ffddbf27000 	C:\Windows\system32\PSAPI.DLL
0x00007ffddbf30000 - 0x00007ffddbf8a000 	C:\Windows\system32\WS2_32.dll
0x00007ffdd7030000 - 0x00007ffdd705a000 	C:\Windows\SYSTEM32\WINMMBASE.dll
0x00007ffdda3b0000 - 0x00007ffdda3b9000 	C:\Windows\system32\NSI.dll
0x00007ffdd9cd0000 - 0x00007ffdd9d1f000 	C:\Windows\SYSTEM32\cfgmgr32.dll
0x00007ffdd87e0000 - 0x00007ffdd8808000 	C:\Windows\SYSTEM32\DEVOBJ.dll
0x000000005fa40000 - 0x000000005fa4f000 	C:\Program Files\Java\jdk1.8.0_111\jre\bin\verify.dll
0x000000005fa10000 - 0x000000005fa39000 	C:\Program Files\Java\jdk1.8.0_111\jre\bin\java.dll
0x000000005f9f0000 - 0x000000005fa06000 	C:\Program Files\Java\jdk1.8.0_111\jre\bin\zip.dll
0x0000000065580000 - 0x0000000065616000 	C:\Users\Phoenix\AppData\Local\Temp\libgdxPhoenix\38c81921\gdx64.dll
0x00007ffdd9410000 - 0x00007ffdd9430000 	C:\Windows\SYSTEM32\CRYPTSP.dll
0x00007ffdd8f10000 - 0x00007ffdd8f46000 	C:\Windows\system32\rsaenh.dll
0x00007ffdd9540000 - 0x00007ffdd9566000 	C:\Windows\SYSTEM32\bcrypt.dll
0x00007ffdd98a0000 - 0x00007ffdd9903000 	C:\Windows\system32\bcryptprimitives.dll
0x00007ffdd9910000 - 0x00007ffdd991b000 	C:\Windows\SYSTEM32\CRYPTBASE.dll
0x000000005f9d0000 - 0x000000005f9ea000 	C:\Program Files\Java\jdk1.8.0_111\jre\bin\net.dll
0x00007ffdd93b0000 - 0x00007ffdd9409000 	C:\Windows\system32\mswsock.dll
0x00007ffdd34b0000 - 0x00007ffdd34da000 	C:\Windows\SYSTEM32\IPHLPAPI.DLL
0x00007ffdd3490000 - 0x00007ffdd349a000 	C:\Windows\SYSTEM32\WINNSI.DLL
0x00007ffdd2f60000 - 0x00007ffdd2f76000 	C:\Windows\SYSTEM32\dhcpcsvc6.DLL
0x00007ffdd31b0000 - 0x00007ffdd31ca000 	C:\Windows\SYSTEM32\dhcpcsvc.DLL
0x000000005f9b0000 - 0x000000005f9c1000 	C:\Program Files\Java\jdk1.8.0_111\jre\bin\nio.dll
0x0000000180000000 - 0x0000000180053000 	C:\Users\Phoenix\AppData\Local\Temp\libgdxPhoenix\dc0f0009\lwjgl64.dll
0x00007ffdc65e0000 - 0x00007ffdc670b000 	C:\Windows\SYSTEM32\OPENGL32.dll
0x00007ffdd1830000 - 0x00007ffdd185e000 	C:\Windows\SYSTEM32\GLU32.dll
0x00007ffdc3b00000 - 0x00007ffdc3bf8000 	C:\Windows\SYSTEM32\DDRAW.dll
0x00007ffdd6bb0000 - 0x00007ffdd6bb9000 	C:\Windows\SYSTEM32\DCIMAN32.dll
0x0000000024580000 - 0x00000000245e4000 	C:\Users\Phoenix\AppData\Local\Temp\libgdxPhoenix\dc0f0009\OpenAL64.dll
0x00007ffdd8830000 - 0x00007ffdd883b000 	C:\Windows\SYSTEM32\kernel.appcore.dll
0x00007ffdd8660000 - 0x00007ffdd8789000 	C:\Windows\system32\uxtheme.dll
0x00007ffddc180000 - 0x00007ffddc236000 	C:\Windows\SYSTEM32\clbcatq.dll
0x00007ffdc1440000 - 0x00007ffdc14dd000 	C:\Windows\SYSTEM32\dsound.dll
0x00007ffdd9000000 - 0x00007ffdd9046000 	C:\Windows\SYSTEM32\POWRPROF.dll
0x00007ffdd7060000 - 0x00007ffdd70d0000 	C:\Windows\System32\MMDevApi.dll
0x00007ffdcc950000 - 0x00007ffdcc9ce000 	C:\Windows\SYSTEM32\AUDIOSES.DLL
0x00007ffddc050000 - 0x00007ffddc116000 	C:\Windows\system32\OLEAUT32.dll
0x00007ffdd8000000 - 0x00007ffdd8021000 	C:\Windows\system32\dwmapi.dll
0x0000000059310000 - 0x000000005b1e9000 	C:\Windows\SYSTEM32\nvoglv64.DLL
0x00007ffdd9fb0000 - 0x00007ffdda18a000 	C:\Windows\system32\SETUPAPI.dll
0x00007ffdd8600000 - 0x00007ffdd8612000 	C:\Windows\SYSTEM32\WTSAPI32.dll
0x00007ffdd9b50000 - 0x00007ffdd9ba1000 	C:\Windows\system32\WINTRUST.dll
0x00007ffdd9d50000 - 0x00007ffdd9f2f000 	C:\Windows\system32\CRYPT32.dll
0x00007ffdd9a80000 - 0x00007ffdd9a91000 	C:\Windows\system32\MSASN1.dll
0x00007ffdd3500000 - 0x00007ffdd3532000 	C:\Windows\SYSTEM32\ntmarta.dll
0x00007ffdd8c70000 - 0x00007ffdd8cca000 	C:\Windows\SYSTEM32\WINSTA.dll
0x00007ffdd7840000 - 0x00007ffdd78d2000 	C:\Windows\SYSTEM32\mscms.dll
0x00007ffdd5fb0000 - 0x00007ffdd5ff1000 	C:\Windows\SYSTEM32\icm32.dll
0x0000000062840000 - 0x0000000062cbb000 	C:\Users\Phoenix\AppData\Local\Temp\libgdxPhoenix\597b9d0b\gdx-bullet64.dll
0x00007ffdcd020000 - 0x00007ffdcd1a9000 	C:\Windows\SYSTEM32\dbghelp.dll

VM Arguments:
jvm_args: -Dfile.encoding=windows-1252 -Duser.country=US -Duser.language=en -Duser.variant 
java_command: com.phoenixkahlo.hellcraft.desktop.DesktopLauncher
java_class_path (initial): C:\Users\Phoenix\Desktop\Intellij\hellcraft\desktop\build\classes\main;C:\Users\Phoenix\Desktop\Intellij\hellcraft\desktop\build\resources\main;C:\Users\Phoenix\Desktop\Intellij\hellcraft\core\build\libs\core-1.0.jar;C:\Users\Phoenix\.gradle\caches\modules-2\files-2.1\com.badlogicgames.gdx\gdx-backend-lwjgl\1.9.6\ee7c23636ee4a942d329579daecc3ec5e517fe4c\gdx-backend-lwjgl-1.9.6.jar;C:\Users\Phoenix\.gradle\caches\modules-2\files-2.1\com.badlogicgames.gdx\gdx-platform\1.9.6\6f84dd7a18dc68e4ec492dfbb0594f930babcf63\gdx-platform-1.9.6-natives-desktop.jar;C:\Users\Phoenix\.gradle\caches\modules-2\files-2.1\com.badlogicgames.gdx\gdx-bullet-platform\1.9.6\7b1c77c4185abda72e489d66dd2e9d87328c081\gdx-bullet-platform-1.9.6-natives-desktop.jar;C:\Users\Phoenix\.gradle\caches\modules-2\files-2.1\com.badlogicgames.gdx\gdx\1.9.6\47d1e9b890e364ec28f128e9bb3b9a12a94c164\gdx-1.9.6.jar;C:\Users\Phoenix\.gradle\caches\modules-2\files-2.1\com.badlogicgames.gdx\gdx-bullet\1.9.6\13a6f83e5ae513c469b9998ed09409ae3667fed\gdx-bullet-1.9.6.jar;C:\Users\Phoenix\.gradle\caches\modules-2\files-2.1\org.scala-lang\scala-library\2.12.2\fe9780170207ebdabd4ac5bb335c82bd0aead480\scala-library-2.12.2.jar;C:\Users\Phoenix\.m2\repository\org\lwjgl\lwjgl\lwjgl\2.9.2\lwjgl-2.9.2.jar;C:\Users\Phoenix\.m2\repository\org\lwjgl\lwjgl\lwjgl_util\2.9.2\lwjgl_util-2.9.2.jar;C:\Users\Phoenix\.m2\repository\com\badlogicgames\jlayer\jlayer\1.0.1-gdx\jlayer-1.0.1-gdx.jar;C:\Users\Phoenix\.m2\repository\org\jcraft\jorbis\0.0.17\jorbis-0.0.17.jar;C:\Users\Phoenix\.m2\repository\org\lwjgl\lwjgl\lwjgl-platform\2.9.2\lwjgl-platform-2.9.2-natives-windows.jar;C:\Users\Phoenix\.m2\repository\org\lwjgl\lwjgl\lwjgl-platform\2.9.2\lwjgl-platform-2.9.2-natives-linux.jar;C:\Users\Phoenix\.m2\repository\org\lwjgl\lwjgl\lwjgl-platform\2.9.2\lwjgl-platform-2.9.2-natives-osx.jar;C:\Users\Phoenix\.m2\repository\net\java\jinput\jinput\2.0.5\jinput-2.0.5.jar;C:\Users\Phoenix\.m2\repository\net\java\jutils\ju
Launcher Type: SUN_STANDARD

Environment Variables:
JAVA_HOME=C:\Program Files\Java\jdk1.8.0_111
PATH=C:\ProgramData\Oracle\Java\javapath;C:\Program Files (x86)\NVIDIA Corporation\PhysX\Common;C:\Program Files (x86)\Intel\iCLS Client\;C:\Program Files\Intel\iCLS Client\;C:\Windows\system32;C:\Windows;C:\Windows\System32\Wbem;C:\Windows\System32\WindowsPowerShell\v1.0\;C:\Program Files\Intel\Intel(R) Management Engine Components\DAL;C:\Program Files (x86)\Intel\Intel(R) Management Engine Components\DAL;C:\Program Files\Intel\Intel(R) Management Engine Components\IPT;C:\Program Files (x86)\Intel\Intel(R) Management Engine Components\IPT;C:\Program Files\Git\cmd;C:\Windows\system32\config\systemprofile\.dnx\bin;C:\Program Files\Microsoft DNX\Dnvm\;C:cygwin64/bin;C:\Program Files (x86)\Windows Kits\10\Windows Performance Toolkit\;C:\Program Files\nodejs\;C:\Program Files (x86)\GtkSharp\2.12\bin;C:\Program Files (x86)\Skype\Phone\;C:\Program Files\PuTTY\;C:\Program Files\Java\jdk1.8.0_51\bin;C:\Users\Phoenix\AppData\Roaming\npm
USERNAME=Phoenix
OS=Windows_NT
PROCESSOR_IDENTIFIER=Intel64 Family 6 Model 60 Stepping 3, GenuineIntel



---------------  S Y S T E M  ---------------

OS: Windows 8.1 , 64 bit Build 9600 (6.3.9600.17415)

CPU:total 8 (4 cores per cpu, 2 threads per core) family 6 model 60 stepping 3, cmov, cx8, fxsr, mmx, sse, sse2, sse3, ssse3, sse4.1, sse4.2, popcnt, avx, avx2, aes, clmul, erms, lzcnt, ht, tsc, tscinvbit, bmi1, bmi2

Memory: 4k page, physical 25106136k(16551508k free), swap 28776152k(16500736k free)

vm_info: Java HotSpot(TM) 64-Bit Server VM (25.111-b14) for windows-amd64 JRE (1.8.0_111-b14), built on Sep 22 2016 19:24:05 by "java_re" with MS VC++ 10.0 (VS2010)

time: Thu Jun 08 13:45:58 2017
elapsed time: 4 seconds (0d 0h 0m 4s)

