#
# A fatal error has been detected by the Java Runtime Environment:
#
#  EXCEPTION_ACCESS_VIOLATION (0xc0000005) at pc=0x00007ffb74f5175e, pid=43484, tid=0x00000000000070cc
#
# JRE version: Java(TM) SE Runtime Environment (8.0_111-b14) (build 1.8.0_111-b14)
# Java VM: Java HotSpot(TM) 64-Bit Server VM (25.111-b14 mixed mode windows-amd64 compressed oops)
# Problematic frame:
# C  [msvcrt.dll+0x175e]
#
# Failed to write core dump. Minidumps are not enabled by default on client versions of Windows
#
# If you would like to submit a bug report, please visit:
#   http://bugreport.java.com/bugreport/crash.jsp
# The crash happened outside the Java Virtual Machine in native code.
# See problematic frame for where to report the bug.
#

---------------  T H R E A D  ---------------

Current thread (0x0000000024b48800):  JavaThread "LWJGL Application" [_thread_in_native, id=28876, stack(0x0000000026360000,0x0000000026460000)]

siginfo: ExceptionCode=0xc0000005, writing address 0x0000000000000000

Registers:
RAX=0x00000007bb2ae108, RBX=0x0000000024b489f8, RCX=0x0000000000000020, RDX=0x00000007bb2ae108
RSP=0x000000002645e668, RBP=0x0000000000000000, RSI=0x000000002645e700, RDI=0x00000007bb2ae108
R8 =0x0000000000000000, R9 =0x0000000000000300, R10=0x000000000000000c, R11=0x0000000000000000
R12=0x0000000000000000, R13=0x0000000000001800, R14=0x000000002645e730, R15=0x0000000024b48800
RIP=0x00007ffb74f5175e, EFLAGS=0x0000000000010202

Top of Stack: (sp=0x000000002645e668)
0x000000002645e668:   0000000065583a34 0000000024b489f8
0x000000002645e678:   0000000000000000 000000002645e700
0x000000002645e688:   000000064bf672e0 000000064bfb1ca8
0x000000002645e698:   00000007bb2b4108 0000000000240000
0x000000002645e6a8:   0000000000000000 000000002645e740
0x000000002645e6b8:   0000000000000000 000000064bfb0718
0x000000002645e6c8:   00000000023f9aae 0000000740501448
0x000000002645e6d8:   c81d06f100000001 0000000740501610
0x000000002645e6e8:   0000000740501448 0000000000001800
0x000000002645e6f8:   0000000000000000 00000007bb2ae0f8
0x000000002645e708:   0000000740501598 0000000700000001
0x000000002645e718:   c8201bb19258cbdc 0000001900000000
0x000000002645e728:   0000000000000000 000000064bfb1ca8
0x000000002645e738:   000000000245de14 0000000740501598
0x000000002645e748:   0000000001fa74a4 00000007405013d8
0x000000002645e758:   00000000022f77dc fff90000c97ef251 

Instructions: (pc=0x00007ffb74f5175e)
0x00007ffb74f5173e:   49 c1 e9 05 49 81 f9 00 20 00 00 77 40 49 83 e0
0x00007ffb74f5174e:   1f f3 0f 6f 04 0a f3 0f 6f 4c 0a 10 48 83 c1 20
0x00007ffb74f5175e:   66 0f 7f 41 e0 66 0f 7f 49 f0 49 ff c9 75 e2 e9
0x00007ffb74f5176e:   70 ff ff ff cc f6 c1 0f 74 c3 8a 04 0a 49 ff c8 


Register to memory mapping:

RAX=0x00000007bb2ae108 is an oop

[error occurred during error reporting (printing register info), id 0xc0000005]

Stack: [0x0000000026360000,0x0000000026460000],  sp=0x000000002645e668,  free space=1017k
Native frames: (J=compiled Java code, j=interpreted, Vv=VM code, C=native code)

Java frames: (J=compiled Java code, j=interpreted, Vv=VM code)
J 3639  com.badlogic.gdx.utils.BufferUtils.copyJni([FLjava/nio/Buffer;II)V (0 bytes) @ 0x00000000023f9a30 [0x00000000023f99c0+0x70]
J 6190 C2 com.phoenixkahlo.hellcraft.core.ChunkRenderer$$Lambda$121.apply()Ljava/lang/Object; (8 bytes) @ 0x0000000001fa74a4 [0x0000000001fa6fc0+0x4e4]
J 6038 C2 com.phoenixkahlo.hellcraft.core.ChunkRenderer.apply()Lscala/collection/Seq; (119 bytes) @ 0x0000000002ad27d4 [0x0000000002ad22a0+0x534]
J 6040 C2 com.phoenixkahlo.hellcraft.infinitetest.InfiniteGameState$$anon$1.$anonfun$getRenderables$1(Lcom/phoenixkahlo/hellcraft/core/RenderableFactory;)Lscala/collection/Seq; (7 bytes) @ 0x000000000235b980 [0x000000000235b960+0x20]
J 6039 C2 com.phoenixkahlo.hellcraft.infinitetest.InfiniteGameState$$anon$1$$Lambda$185.apply(Ljava/lang/Object;)Ljava/lang/Object; (8 bytes) @ 0x000000000285babc [0x000000000285ba60+0x5c]
J 4866 C2 scala.collection.TraversableLike$$Lambda$18.apply(Ljava/lang/Object;)Ljava/lang/Object; (13 bytes) @ 0x0000000002515e6c [0x0000000002515e20+0x4c]
J 5134 C2 scala.collection.AbstractIterable.foreach(Lscala/Function1;)V (6 bytes) @ 0x000000000228a928 [0x000000000228a760+0x1c8]
J 5229 C2 scala.collection.AbstractTraversable.flatMap(Lscala/Function1;Lscala/collection/generic/CanBuildFrom;)Ljava/lang/Object; (7 bytes) @ 0x00000000024212fc [0x0000000002421220+0xdc]
J 4691 C1 com.phoenixkahlo.hellcraft.infinitetest.InfiniteGameState$$anon$1.getRenderables(Lcom/badlogic/gdx/utils/Array;Lcom/badlogic/gdx/utils/Pool;)V (35 bytes) @ 0x000000000254cd6c [0x000000000254c980+0x3ec]
J 4545 C2 com.badlogic.gdx.graphics.g3d.ModelBatch.render(Lcom/badlogic/gdx/graphics/g3d/RenderableProvider;Lcom/badlogic/gdx/graphics/g3d/Environment;)V (80 bytes) @ 0x00000000020b5170 [0x00000000020b5100+0x70]
J 5117 C1 com.phoenixkahlo.hellcraft.infinitetest.InfiniteGameState.render()V (391 bytes) @ 0x00000000027ec0ac [0x00000000027e6160+0x5f4c]
J 5116 C1 com.phoenixkahlo.hellcraft.gamedriver.GameDriver.render()V (46 bytes) @ 0x0000000002250cc4 [0x0000000002250560+0x764]
j  com.badlogic.gdx.backends.lwjgl.LwjglApplication.mainLoop()V+698
j  com.badlogic.gdx.backends.lwjgl.LwjglApplication$1.run()V+27
v  ~StubRoutines::call_stub

---------------  P R O C E S S  ---------------

Java Threads: ( => current thread )
  0x00000000252c3800 JavaThread "scala-execution-context-global-49" daemon [_thread_blocked, id=40716, stack(0x0000000026c60000,0x0000000026d60000)]
  0x00000000252c5800 JavaThread "Thread-27" [_thread_blocked, id=31880, stack(0x00000000720e0000,0x00000000721e0000)]
  0x00000000252c2000 JavaThread "Thread-26" [_thread_blocked, id=43564, stack(0x0000000071fe0000,0x00000000720e0000)]
  0x00000000252c5000 JavaThread "Thread-25" [_thread_blocked, id=43056, stack(0x000000006f8d0000,0x000000006f9d0000)]
  0x00000000252c2800 JavaThread "Thread-24" [_thread_blocked, id=40864, stack(0x000000006f7d0000,0x000000006f8d0000)]
  0x00000000252c1000 JavaThread "Thread-23" [_thread_blocked, id=43236, stack(0x0000000065480000,0x0000000065580000)]
  0x00000000252c4000 JavaThread "Thread-22" [_thread_blocked, id=43388, stack(0x0000000065380000,0x0000000065480000)]
  0x00000000252c0800 JavaThread "Thread-21" [_thread_blocked, id=5852, stack(0x000000004fec0000,0x000000004ffc0000)]
  0x00000000252be000 JavaThread "Thread-20" [_thread_blocked, id=42376, stack(0x000000004fdc0000,0x000000004fec0000)]
  0x00000000252bc000 JavaThread "LWJGL Timer" daemon [_thread_blocked, id=42020, stack(0x0000000027fb0000,0x00000000280b0000)]
  0x00000000252bf000 JavaThread "Thread-18" [_thread_blocked, id=32168, stack(0x0000000027a60000,0x0000000027b60000)]
  0x00000000252bc800 JavaThread "Thread-17" [_thread_blocked, id=43520, stack(0x0000000027860000,0x0000000027960000)]
  0x00000000252bd800 JavaThread "Thread-16" [_thread_blocked, id=36236, stack(0x0000000027760000,0x0000000027860000)]
  0x00000000252b9000 JavaThread "Thread-15" [_thread_blocked, id=42568, stack(0x0000000027660000,0x0000000027760000)]
  0x00000000252b9800 JavaThread "Thread-14" [_thread_blocked, id=43216, stack(0x0000000027560000,0x0000000027660000)]
  0x00000000252bb000 JavaThread "Thread-13" [_thread_blocked, id=41328, stack(0x0000000027460000,0x0000000027560000)]
  0x00000000252ba800 JavaThread "Thread-12" [_thread_blocked, id=34568, stack(0x0000000027360000,0x0000000027460000)]
  0x0000000024e7d000 JavaThread "Thread-11" [_thread_blocked, id=43876, stack(0x0000000027260000,0x0000000027360000)]
  0x0000000024e7c800 JavaThread "Thread-10" [_thread_blocked, id=36660, stack(0x0000000027160000,0x0000000027260000)]
  0x0000000024e7b000 JavaThread "scala-execution-context-global-26" daemon [_thread_blocked, id=42756, stack(0x000000002ad00000,0x000000002ae00000)]
  0x0000000024e76800 JavaThread "scala-execution-context-global-28" daemon [_thread_blocked, id=4728, stack(0x000000002a900000,0x000000002aa00000)]
  0x0000000024e79800 JavaThread "scala-execution-context-global-27" daemon [_thread_blocked, id=43984, stack(0x000000002a800000,0x000000002a900000)]
  0x0000000024e78800 JavaThread "scala-execution-context-global-25" daemon [_thread_blocked, id=43708, stack(0x000000002a700000,0x000000002a800000)]
  0x0000000024c57800 JavaThread "scala-execution-context-global-24" daemon [_thread_blocked, id=43756, stack(0x000000002a600000,0x000000002a700000)]
  0x0000000024ea7800 JavaThread "Thread-9" [_thread_blocked, id=36792, stack(0x000000002a500000,0x000000002a600000)]
  0x0000000024ea6800 JavaThread "Thread-8" [_thread_blocked, id=43848, stack(0x000000002a400000,0x000000002a500000)]
  0x0000000024ea6000 JavaThread "Thread-7" [_thread_blocked, id=11136, stack(0x000000002a300000,0x000000002a400000)]
  0x0000000024ea5000 JavaThread "Thread-6" [_thread_blocked, id=41416, stack(0x000000002a200000,0x000000002a300000)]
  0x0000000024ea4800 JavaThread "Thread-5" [_thread_blocked, id=35516, stack(0x000000002a100000,0x000000002a200000)]
  0x0000000024eb0000 JavaThread "Thread-4" [_thread_blocked, id=40168, stack(0x000000002a000000,0x000000002a100000)]
  0x0000000024eaf000 JavaThread "Thread-3" [_thread_blocked, id=40280, stack(0x0000000029f00000,0x000000002a000000)]
  0x0000000024eae800 JavaThread "Thread-2" [_thread_blocked, id=8892, stack(0x0000000029e00000,0x0000000029f00000)]
  0x0000000024bd8000 JavaThread "Save file thread" [_thread_in_native, id=43588, stack(0x0000000029b00000,0x0000000029c00000)]
  0x0000000001d23000 JavaThread "DestroyJavaVM" [_thread_blocked, id=41056, stack(0x0000000001b90000,0x0000000001c90000)]
=>0x0000000024b48800 JavaThread "LWJGL Application" [_thread_in_native, id=28876, stack(0x0000000026360000,0x0000000026460000)]
  0x000000002238c000 JavaThread "Service Thread" daemon [_thread_blocked, id=41828, stack(0x0000000022e90000,0x0000000022f90000)]
  0x00000000222f5000 JavaThread "C1 CompilerThread3" daemon [_thread_blocked, id=43144, stack(0x0000000022d90000,0x0000000022e90000)]
  0x00000000222f2000 JavaThread "C2 CompilerThread2" daemon [_thread_blocked, id=9080, stack(0x0000000022c90000,0x0000000022d90000)]
  0x00000000222e4800 JavaThread "C2 CompilerThread1" daemon [_thread_blocked, id=41008, stack(0x0000000022b90000,0x0000000022c90000)]
  0x00000000222e1000 JavaThread "C2 CompilerThread0" daemon [_thread_blocked, id=43068, stack(0x0000000022a90000,0x0000000022b90000)]
  0x00000000222dc000 JavaThread "Attach Listener" daemon [_thread_blocked, id=41548, stack(0x0000000022990000,0x0000000022a90000)]
  0x00000000222db000 JavaThread "Signal Dispatcher" daemon [_thread_blocked, id=41552, stack(0x0000000022890000,0x0000000022990000)]
  0x00000000222d0800 JavaThread "Finalizer" daemon [_thread_blocked, id=42108, stack(0x00000000226b0000,0x00000000227b0000)]
  0x00000000203dd800 JavaThread "Reference Handler" daemon [_thread_blocked, id=41784, stack(0x00000000221b0000,0x00000000222b0000)]

Other Threads:
  0x00000000203d9000 VMThread [stack: 0x00000000220b0000,0x00000000221b0000] [id=42076]
  0x000000002239e800 WatcherThread [stack: 0x0000000022f90000,0x0000000023090000] [id=43820]

VM state:not at safepoint (normal execution)

VM Mutex/Monitor currently owned by a thread: None

Heap:
 PSYoungGen      total 1988608K, used 939570K [0x0000000740500000, 0x00000007bfa80000, 0x00000007c0000000)
  eden space 1899008K, 46% used [0x0000000740500000,0x0000000775ca5fa8,0x00000007b4380000)
  from space 89600K, 70% used [0x00000007ba300000,0x00000007be0e6b88,0x00000007bfa80000)
  to   space 93696K, 0% used [0x00000007b4380000,0x00000007b4380000,0x00000007b9f00000)
 ParOldGen       total 711168K, used 548243K [0x0000000640e00000, 0x000000066c480000, 0x0000000740500000)
  object space 711168K, 77% used [0x0000000640e00000,0x0000000662564ec8,0x000000066c480000)
 Metaspace       used 21899K, capacity 22845K, committed 23040K, reserved 1069056K
  class space    used 2939K, capacity 3056K, committed 3072K, reserved 1048576K

Card table byte_map: [0x00000000111e0000,0x0000000011de0000] byte_map_base: 0x000000000dfd9000

Marking Bits: (ParMarkBitMap*) 0x0000000072a1a6c0
 Begin Bits: [0x0000000012de0000, 0x0000000018da8000)
 End Bits:   [0x0000000018da8000, 0x000000001ed70000)

Polling page: 0x0000000001c90000

CodeCache: size=245760Kb used=13410Kb max_used=13421Kb free=232349Kb
 bounds [0x0000000001e20000, 0x0000000002b70000, 0x0000000010e20000]
 total_blobs=5089 nmethods=4516 adapters=484
 compilation: enabled

Compilation events (10 events):
Event: 112.225 Thread 0x00000000222f5000 6258   !   3       java.io.FileOutputStream::close (62 bytes)
Event: 112.225 Thread 0x00000000222f5000 nmethod 6258 0x000000000281f590 code [0x000000000281f720, 0x000000000281fdb8]
Event: 112.227 Thread 0x00000000222f5000 6259       3       com.phoenixkahlo.hellcraft.save.RegionSave::chunksIn (26 bytes)
Event: 112.228 Thread 0x00000000222f5000 nmethod 6259 0x0000000002a1e690 code [0x0000000002a1e8e0, 0x0000000002a1fc78]
Event: 112.253 Thread 0x00000000222e1000 6260       4       com.phoenixkahlo.hellcraft.save.RegionSave$$Lambda$253/208904290::apply (12 bytes)
Event: 112.254 Thread 0x00000000222e1000 nmethod 6260 0x00000000023e34d0 code [0x00000000023e3620, 0x00000000023e37c8]
Event: 112.264 Thread 0x00000000222f2000 6261       4       com.phoenixkahlo.hellcraft.save.RegionSave$$Lambda$251/374114578::apply (8 bytes)
Event: 112.265 Thread 0x00000000222f2000 nmethod 6261 0x0000000002a1e390 code [0x0000000002a1e4e0, 0x0000000002a1e578]
Event: 113.457 Thread 0x00000000222e4800 6262       4       java.util.concurrent.locks.ReentrantLock$Sync::nonfairTryAcquire (67 bytes)
Event: 113.458 Thread 0x00000000222e4800 nmethod 6262 0x0000000002a40c90 code [0x0000000002a40dc0, 0x0000000002a40e98]

GC Heap History (10 events):
Event: 106.240 GC heap before
{Heap before GC invocations=132 (full 2):
 PSYoungGen      total 1987072K, used 1944341K [0x0000000740500000, 0x00000007c0000000, 0x00000007c0000000)
  eden space 1882112K, 100% used [0x0000000740500000,0x00000007b3300000,0x00000007b3300000)
  from space 104960K, 59% used [0x00000007b3300000,0x00000007b6fc5678,0x00000007b9980000)
  to   space 101376K, 0% used [0x00000007b9d00000,0x00000007b9d00000,0x00000007c0000000)
 ParOldGen       total 711168K, used 543101K [0x0000000640e00000, 0x000000066c480000, 0x0000000740500000)
  object space 711168K, 76% used [0x0000000640e00000,0x000000066205f5b8,0x000000066c480000)
 Metaspace       used 21892K, capacity 22845K, committed 23040K, reserved 1069056K
  class space    used 2939K, capacity 3056K, committed 3072K, reserved 1048576K
Event: 106.261 GC heap after
Heap after GC invocations=132 (full 2):
 PSYoungGen      total 1976320K, used 61286K [0x0000000740500000, 0x00000007bf580000, 0x00000007c0000000)
  eden space 1885696K, 0% used [0x0000000740500000,0x0000000740500000,0x00000007b3680000)
  from space 90624K, 67% used [0x00000007b9d00000,0x00000007bd8d9bc8,0x00000007bf580000)
  to   space 97792K, 0% used [0x00000007b3680000,0x00000007b3680000,0x00000007b9600000)
 ParOldGen       total 711168K, used 543664K [0x0000000640e00000, 0x000000066c480000, 0x0000000740500000)
  object space 711168K, 76% used [0x0000000640e00000,0x00000006620ec298,0x000000066c480000)
 Metaspace       used 21892K, capacity 22845K, committed 23040K, reserved 1069056K
  class space    used 2939K, capacity 3056K, committed 3072K, reserved 1048576K
}
Event: 106.635 GC heap before
{Heap before GC invocations=133 (full 2):
 PSYoungGen      total 1976320K, used 1946982K [0x0000000740500000, 0x00000007bf580000, 0x00000007c0000000)
  eden space 1885696K, 100% used [0x0000000740500000,0x00000007b3680000,0x00000007b3680000)
  from space 90624K, 67% used [0x00000007b9d00000,0x00000007bd8d9bc8,0x00000007bf580000)
  to   space 97792K, 0% used [0x00000007b3680000,0x00000007b3680000,0x00000007b9600000)
 ParOldGen       total 711168K, used 543664K [0x0000000640e00000, 0x000000066c480000, 0x0000000740500000)
  object space 711168K, 76% used [0x0000000640e00000,0x00000006620ec298,0x000000066c480000)
 Metaspace       used 21892K, capacity 22845K, committed 23040K, reserved 1069056K
  class space    used 2939K, capacity 3056K, committed 3072K, reserved 1048576K
Event: 106.657 GC heap after
Heap after GC invocations=133 (full 2):
 PSYoungGen      total 1983488K, used 62399K [0x0000000740500000, 0x00000007c0000000, 0x00000007c0000000)
  eden space 1885696K, 0% used [0x0000000740500000,0x0000000740500000,0x00000007b3680000)
  from space 97792K, 63% used [0x00000007b3680000,0x00000007b736fd20,0x00000007b9600000)
  to   space 95232K, 0% used [0x00000007ba300000,0x00000007ba300000,0x00000007c0000000)
 ParOldGen       total 711168K, used 544437K [0x0000000640e00000, 0x000000066c480000, 0x0000000740500000)
  object space 711168K, 76% used [0x0000000640e00000,0x00000006621ad4a8,0x000000066c480000)
 Metaspace       used 21892K, capacity 22845K, committed 23040K, reserved 1069056K
  class space    used 2939K, capacity 3056K, committed 3072K, reserved 1048576K
}
Event: 107.103 GC heap before
{Heap before GC invocations=134 (full 2):
 PSYoungGen      total 1983488K, used 1948095K [0x0000000740500000, 0x00000007c0000000, 0x00000007c0000000)
  eden space 1885696K, 100% used [0x0000000740500000,0x00000007b3680000,0x00000007b3680000)
  from space 97792K, 63% used [0x00000007b3680000,0x00000007b736fd20,0x00000007b9600000)
  to   space 95232K, 0% used [0x00000007ba300000,0x00000007ba300000,0x00000007c0000000)
 ParOldGen       total 711168K, used 544437K [0x0000000640e00000, 0x000000066c480000, 0x0000000740500000)
  object space 711168K, 76% used [0x0000000640e00000,0x00000006621ad4a8,0x000000066c480000)
 Metaspace       used 21898K, capacity 22845K, committed 23040K, reserved 1069056K
  class space    used 2939K, capacity 3056K, committed 3072K, reserved 1048576K
Event: 107.124 GC heap after
Heap after GC invocations=134 (full 2):
 PSYoungGen      total 1988608K, used 66118K [0x0000000740500000, 0x00000007bfa80000, 0x00000007c0000000)
  eden space 1899008K, 0% used [0x0000000740500000,0x0000000740500000,0x00000007b4380000)
  from space 89600K, 73% used [0x00000007ba300000,0x00000007be391a10,0x00000007bfa80000)
  to   space 93696K, 0% used [0x00000007b4380000,0x00000007b4380000,0x00000007b9f00000)
 ParOldGen       total 711168K, used 544623K [0x0000000640e00000, 0x000000066c480000, 0x0000000740500000)
  object space 711168K, 76% used [0x0000000640e00000,0x00000006621dbd48,0x000000066c480000)
 Metaspace       used 21898K, capacity 22845K, committed 23040K, reserved 1069056K
  class space    used 2939K, capacity 3056K, committed 3072K, reserved 1048576K
}
Event: 107.437 GC heap before
{Heap before GC invocations=135 (full 2):
 PSYoungGen      total 1988608K, used 1965126K [0x0000000740500000, 0x00000007bfa80000, 0x00000007c0000000)
  eden space 1899008K, 100% used [0x0000000740500000,0x00000007b4380000,0x00000007b4380000)
  from space 89600K, 73% used [0x00000007ba300000,0x00000007be391a10,0x00000007bfa80000)
  to   space 93696K, 0% used [0x00000007b4380000,0x00000007b4380000,0x00000007b9f00000)
 ParOldGen       total 711168K, used 544623K [0x0000000640e00000, 0x000000066c480000, 0x0000000740500000)
  object space 711168K, 76% used [0x0000000640e00000,0x00000006621dbd48,0x000000066c480000)
 Metaspace       used 21898K, capacity 22845K, committed 23040K, reserved 1069056K
  class space    used 2939K, capacity 3056K, committed 3072K, reserved 1048576K
Event: 109.457 GC heap after
Heap after GC invocations=135 (full 2):
 PSYoungGen      total 1992704K, used 64870K [0x0000000740500000, 0x00000007bfa80000, 0x00000007c0000000)
  eden space 1899008K, 0% used [0x0000000740500000,0x0000000740500000,0x00000007b4380000)
  from space 93696K, 69% used [0x00000007b4380000,0x00000007b82d99a0,0x00000007b9f00000)
  to   space 89600K, 0% used [0x00000007ba300000,0x00000007ba300000,0x00000007bfa80000)
 ParOldGen       total 711168K, used 546781K [0x0000000640e00000, 0x000000066c480000, 0x0000000740500000)
  object space 711168K, 76% used [0x0000000640e00000,0x00000006623f75d8,0x000000066c480000)
 Metaspace       used 21898K, capacity 22845K, committed 23040K, reserved 1069056K
  class space    used 2939K, capacity 3056K, committed 3072K, reserved 1048576K
}
Event: 109.764 GC heap before
{Heap before GC invocations=136 (full 2):
 PSYoungGen      total 1992704K, used 1963878K [0x0000000740500000, 0x00000007bfa80000, 0x00000007c0000000)
  eden space 1899008K, 100% used [0x0000000740500000,0x00000007b4380000,0x00000007b4380000)
  from space 93696K, 69% used [0x00000007b4380000,0x00000007b82d99a0,0x00000007b9f00000)
  to   space 89600K, 0% used [0x00000007ba300000,0x00000007ba300000,0x00000007bfa80000)
 ParOldGen       total 711168K, used 546781K [0x0000000640e00000, 0x000000066c480000, 0x0000000740500000)
  object space 711168K, 76% used [0x0000000640e00000,0x00000006623f75d8,0x000000066c480000)
 Metaspace       used 21898K, capacity 22845K, committed 23040K, reserved 1069056K
  class space    used 2939K, capacity 3056K, committed 3072K, reserved 1048576K
Event: 111.782 GC heap after
Heap after GC invocations=136 (full 2):
 PSYoungGen      total 1988608K, used 63386K [0x0000000740500000, 0x00000007bfa80000, 0x00000007c0000000)
  eden space 1899008K, 0% used [0x0000000740500000,0x0000000740500000,0x00000007b4380000)
  from space 89600K, 70% used [0x00000007ba300000,0x00000007be0e6b88,0x00000007bfa80000)
  to   space 93696K, 0% used [0x00000007b4380000,0x00000007b4380000,0x00000007b9f00000)
 ParOldGen       total 711168K, used 548243K [0x0000000640e00000, 0x000000066c480000, 0x0000000740500000)
  object space 711168K, 77% used [0x0000000640e00000,0x0000000662564ec8,0x000000066c480000)
 Metaspace       used 21898K, capacity 22845K, committed 23040K, reserved 1069056K
  class space    used 2939K, capacity 3056K, committed 3072K, reserved 1048576K
}

Deoptimization events (10 events):
Event: 106.268 Thread 0x00000000252bf000 Uncommon trap: reason=unstable_if action=reinterpret pc=0x00000000027148b4 method=java.util.concurrent.ForkJoinPool.signalWork([Ljava/util/concurrent/ForkJoinPool$WorkQueue;Ljava/util/concurrent/ForkJoinPool$WorkQueue;)V @ 26
Event: 106.389 Thread 0x00000000252bf000 Uncommon trap: reason=unstable_if action=reinterpret pc=0x00000000022b1618 method=java.lang.Integer.valueOf(I)Ljava/lang/Integer; @ 3
Event: 106.390 Thread 0x00000000252bf000 Uncommon trap: reason=unstable_if action=reinterpret pc=0x00000000022c1180 method=java.lang.Integer.valueOf(I)Ljava/lang/Integer; @ 3
Event: 106.390 Thread 0x00000000252bf000 Uncommon trap: reason=unstable_if action=reinterpret pc=0x0000000002527bfc method=java.lang.Integer.valueOf(I)Ljava/lang/Integer; @ 3
Event: 106.463 Thread 0x00000000252bf000 Uncommon trap: reason=class_check action=maybe_recompile pc=0x000000000260b5ec method=scala.collection.immutable.HashMap$HashTrieMap.get0(Ljava/lang/Object;II)Lscala/Option; @ 28
Event: 106.463 Thread 0x00000000252bf000 Uncommon trap: reason=class_check action=maybe_recompile pc=0x000000000260b5ec method=scala.collection.immutable.HashMap$HashTrieMap.get0(Ljava/lang/Object;II)Lscala/Option; @ 28
Event: 106.463 Thread 0x00000000252bf000 Uncommon trap: reason=class_check action=maybe_recompile pc=0x000000000260b5ec method=scala.collection.immutable.HashMap$HashTrieMap.get0(Ljava/lang/Object;II)Lscala/Option; @ 28
Event: 106.463 Thread 0x00000000252bf000 Uncommon trap: reason=class_check action=maybe_recompile pc=0x000000000260b5ec method=scala.collection.immutable.HashMap$HashTrieMap.get0(Ljava/lang/Object;II)Lscala/Option; @ 28
Event: 109.457 Thread 0x0000000024e77000 Uncommon trap: reason=unstable_if action=reinterpret pc=0x00000000024c9a90 method=java.util.concurrent.ForkJoinPool.runWorker(Ljava/util/concurrent/ForkJoinPool$WorkQueue;)V @ 47
Event: 113.457 Thread 0x0000000024e78000 Uncommon trap: reason=unstable_if action=reinterpret pc=0x00000000024c9a90 method=java.util.concurrent.ForkJoinPool.runWorker(Ljava/util/concurrent/ForkJoinPool$WorkQueue;)V @ 47

Internal exceptions (10 events):
Event: 24.479 Thread 0x0000000024bd8000 Exception <a 'java/lang/ArrayIndexOutOfBoundsException'> (0x00000007409a5310) thrown at [C:\re\workspace\8-2-build-windows-amd64-cygwin\jdk8u111\7883\hotspot\src\share\vm\runtime\sharedRuntime.cpp, line 605]
Event: 24.480 Thread 0x0000000024bd8000 Exception <a 'java/lang/ArrayIndexOutOfBoundsException'> (0x00000007409a6c50) thrown at [C:\re\workspace\8-2-build-windows-amd64-cygwin\jdk8u111\7883\hotspot\src\share\vm\runtime\sharedRuntime.cpp, line 605]
Event: 24.480 Thread 0x0000000024bd8000 Exception <a 'java/lang/NoSuchMethodError': java.lang.Object.$anonfun$asScalaBufferConverter$1(Lscala/collection/convert/DecorateAsScala;Ljava/util/List;)Lscala/collection/mutable/Buffer;> (0x00000007409adfd8) thrown at [C:\re\workspace\8-2-build-windows-
Event: 24.482 Thread 0x0000000024bd8000 Exception <a 'java/lang/ArrayIndexOutOfBoundsException'> (0x00000007409bbc00) thrown at [C:\re\workspace\8-2-build-windows-amd64-cygwin\jdk8u111\7883\hotspot\src\share\vm\runtime\sharedRuntime.cpp, line 605]
Event: 24.482 Thread 0x0000000024bd8000 Exception <a 'java/lang/ArrayIndexOutOfBoundsException'> (0x00000007409bdba8) thrown at [C:\re\workspace\8-2-build-windows-amd64-cygwin\jdk8u111\7883\hotspot\src\share\vm\runtime\sharedRuntime.cpp, line 605]
Event: 24.482 Thread 0x0000000024bd8000 Exception <a 'java/lang/NoSuchMethodError': java.lang.Object.$anonfun$mapAsScalaMapConverter$1(Lscala/collection/convert/DecorateAsScala;Ljava/util/Map;)Lscala/collection/mutable/Map;> (0x00000007409bf6b0) thrown at [C:\re\workspace\8-2-build-windows-amd6
Event: 24.484 Thread 0x0000000024bd8000 Exception <a 'java/lang/ArrayIndexOutOfBoundsException'> (0x00000007409cd9c8) thrown at [C:\re\workspace\8-2-build-windows-amd64-cygwin\jdk8u111\7883\hotspot\src\share\vm\runtime\sharedRuntime.cpp, line 605]
Event: 24.485 Thread 0x0000000024bd8000 Exception <a 'java/lang/ArrayIndexOutOfBoundsException'> (0x00000007409cf8d0) thrown at [C:\re\workspace\8-2-build-windows-amd64-cygwin\jdk8u111\7883\hotspot\src\share\vm\runtime\sharedRuntime.cpp, line 605]
Event: 24.529 Thread 0x0000000024bd8000 Exception <a 'java/lang/ArrayIndexOutOfBoundsException'> (0x000000075162b9d0) thrown at [C:\re\workspace\8-2-build-windows-amd64-cygwin\jdk8u111\7883\hotspot\src\share\vm\runtime\sharedRuntime.cpp, line 605]
Event: 24.701 Thread 0x0000000024bd8000 Exception <a 'java/lang/NoSuchMethodError': java.lang.Object.$anonfun$zipWithIndex$1$adapted(Lscala/collection/mutable/Builder;Lscala/runtime/IntRef;Ljava/lang/Object;)Ljava/lang/Object;> (0x000000078bcde9b8) thrown at [C:\re\workspace\8-2-build-windows-a

Events (10 events):
Event: 109.457 Thread 0x0000000024e77000 Uncommon trap: trap_request=0xffffff65 fr.pc=0x00000000024c9a90
Event: 109.457 Thread 0x0000000024e77000 DEOPT PACKING pc=0x00000000024c9a90 sp=0x000000002acfedc0
Event: 109.457 Thread 0x0000000024e77000 DEOPT UNPACKING pc=0x0000000001e6582a sp=0x000000002acfed90 mode 2
Event: 109.457 Thread 0x0000000024e77000 Thread exited: 0x0000000024e77000
Event: 109.763 Executing VM operation: ParallelGCFailedAllocation
Event: 111.782 Executing VM operation: ParallelGCFailedAllocation done
Event: 113.457 Thread 0x0000000024e78000 Uncommon trap: trap_request=0xffffff65 fr.pc=0x00000000024c9a90
Event: 113.457 Thread 0x0000000024e78000 DEOPT PACKING pc=0x00000000024c9a90 sp=0x000000002aaff390
Event: 113.457 Thread 0x0000000024e78000 DEOPT UNPACKING pc=0x0000000001e6582a sp=0x000000002aaff360 mode 2
Event: 113.457 Thread 0x0000000024e78000 Thread exited: 0x0000000024e78000


Dynamic libraries:
0x00007ff617590000 - 0x00007ff6175c7000 	C:\Program Files\Java\jdk1.8.0_111\bin\java.exe
0x00007ffb776c0000 - 0x00007ffb7786d000 	C:\Windows\SYSTEM32\ntdll.dll
0x00007ffb77520000 - 0x00007ffb7765e000 	C:\Windows\system32\KERNEL32.DLL
0x00007ffb74af0000 - 0x00007ffb74c05000 	C:\Windows\system32\KERNELBASE.dll
0x00007ffb73380000 - 0x00007ffb7340e000 	C:\Windows\system32\apphelp.dll
0x00007ffb64d50000 - 0x00007ffb64da3000 	C:\Windows\AppPatch\AppPatch64\AcGenral.DLL
0x00007ffb74f50000 - 0x00007ffb74ffa000 	C:\Windows\system32\msvcrt.dll
0x00007ffb74c60000 - 0x00007ffb74c8e000 	C:\Windows\system32\SspiCli.dll
0x00007ffb74d40000 - 0x00007ffb74d94000 	C:\Windows\system32\SHLWAPI.dll
0x00007ffb77010000 - 0x00007ffb77187000 	C:\Windows\system32\USER32.dll
0x00007ffb76e70000 - 0x00007ffb77004000 	C:\Windows\system32\ole32.dll
0x00007ffb75550000 - 0x00007ffb76a78000 	C:\Windows\system32\SHELL32.dll
0x00007ffb73e20000 - 0x00007ffb73e41000 	C:\Windows\SYSTEM32\USERENV.dll
0x00007ffb750c0000 - 0x00007ffb7516a000 	C:\Windows\system32\ADVAPI32.dll
0x00007ffb6e6a0000 - 0x00007ffb6e6be000 	C:\Windows\SYSTEM32\MPR.dll
0x00007ffb77190000 - 0x00007ffb772d0000 	C:\Windows\system32\RPCRT4.dll
0x00007ffb74ef0000 - 0x00007ffb74f49000 	C:\Windows\SYSTEM32\sechost.dll
0x00007ffb75170000 - 0x00007ffb75382000 	C:\Windows\SYSTEM32\combase.dll
0x00007ffb74da0000 - 0x00007ffb74eef000 	C:\Windows\system32\GDI32.dll
0x00007ffb747e0000 - 0x00007ffb747f5000 	C:\Windows\SYSTEM32\profapi.dll
0x00007ffb73290000 - 0x00007ffb73342000 	C:\Windows\SYSTEM32\SHCORE.dll
0x00007ffb77660000 - 0x00007ffb77696000 	C:\Windows\system32\IMM32.DLL
0x00007ffb753f0000 - 0x00007ffb75542000 	C:\Windows\system32\MSCTF.dll
0x00007ffb72710000 - 0x00007ffb7298b000 	C:\Windows\WinSxS\amd64_microsoft.windows.common-controls_6595b64144ccf1df_6.0.9600.18006_none_623f33d3ecbe86e8\COMCTL32.dll
0x0000000075560000 - 0x0000000075632000 	C:\Program Files\Java\jdk1.8.0_111\jre\bin\msvcr100.dll
0x0000000072200000 - 0x0000000072a9a000 	C:\Program Files\Java\jdk1.8.0_111\jre\bin\server\jvm.dll
0x00007ffb6c7c0000 - 0x00007ffb6c7c9000 	C:\Windows\SYSTEM32\WSOCK32.dll
0x00007ffb72260000 - 0x00007ffb72282000 	C:\Windows\SYSTEM32\WINMM.dll
0x00007ffb722d0000 - 0x00007ffb722da000 	C:\Windows\SYSTEM32\VERSION.dll
0x00007ffb776a0000 - 0x00007ffb776a7000 	C:\Windows\system32\PSAPI.DLL
0x00007ffb76b60000 - 0x00007ffb76bba000 	C:\Windows\system32\WS2_32.dll
0x00007ffb721b0000 - 0x00007ffb721da000 	C:\Windows\SYSTEM32\WINMMBASE.dll
0x00007ffb76b50000 - 0x00007ffb76b59000 	C:\Windows\system32\NSI.dll
0x00007ffb74c10000 - 0x00007ffb74c5f000 	C:\Windows\SYSTEM32\cfgmgr32.dll
0x00007ffb73620000 - 0x00007ffb73648000 	C:\Windows\SYSTEM32\DEVOBJ.dll
0x0000000050000000 - 0x000000005000f000 	C:\Program Files\Java\jdk1.8.0_111\jre\bin\verify.dll
0x0000000075760000 - 0x0000000075789000 	C:\Program Files\Java\jdk1.8.0_111\jre\bin\java.dll
0x0000000075740000 - 0x0000000075756000 	C:\Program Files\Java\jdk1.8.0_111\jre\bin\zip.dll
0x0000000065580000 - 0x0000000065616000 	C:\Users\Phoenix\AppData\Local\Temp\libgdxPhoenix\38c81921\gdx64.dll
0x00007ffb74140000 - 0x00007ffb74160000 	C:\Windows\SYSTEM32\CRYPTSP.dll
0x00007ffb73d10000 - 0x00007ffb73d46000 	C:\Windows\system32\rsaenh.dll
0x00007ffb74390000 - 0x00007ffb743b6000 	C:\Windows\SYSTEM32\bcrypt.dll
0x00007ffb746b0000 - 0x00007ffb74713000 	C:\Windows\system32\bcryptprimitives.dll
0x00007ffb74720000 - 0x00007ffb7472b000 	C:\Windows\SYSTEM32\CRYPTBASE.dll
0x0000000075720000 - 0x000000007573a000 	C:\Program Files\Java\jdk1.8.0_111\jre\bin\net.dll
0x00007ffb740e0000 - 0x00007ffb74139000 	C:\Windows\system32\mswsock.dll
0x00007ffb6e2b0000 - 0x00007ffb6e2da000 	C:\Windows\SYSTEM32\IPHLPAPI.DLL
0x00007ffb6e290000 - 0x00007ffb6e29a000 	C:\Windows\SYSTEM32\WINNSI.DLL
0x00007ffb6dea0000 - 0x00007ffb6deb6000 	C:\Windows\SYSTEM32\dhcpcsvc6.DLL
0x00007ffb6e510000 - 0x00007ffb6e52a000 	C:\Windows\SYSTEM32\dhcpcsvc.DLL
0x0000000075540000 - 0x0000000075551000 	C:\Program Files\Java\jdk1.8.0_111\jre\bin\nio.dll
0x0000000180000000 - 0x0000000180053000 	C:\Users\Phoenix\AppData\Local\Temp\libgdxPhoenix\dc0f0009\lwjgl64.dll
0x00007ffb50cf0000 - 0x00007ffb50e1b000 	C:\Windows\SYSTEM32\OPENGL32.dll
0x00007ffb607e0000 - 0x00007ffb6080e000 	C:\Windows\SYSTEM32\GLU32.dll
0x00007ffb50480000 - 0x00007ffb50578000 	C:\Windows\SYSTEM32\DDRAW.dll
0x00007ffb642e0000 - 0x00007ffb642e9000 	C:\Windows\SYSTEM32\DCIMAN32.dll
0x0000000025b60000 - 0x0000000025bc4000 	C:\Users\Phoenix\AppData\Local\Temp\libgdxPhoenix\dc0f0009\OpenAL64.dll
0x00007ffb735f0000 - 0x00007ffb735fb000 	C:\Windows\SYSTEM32\kernel.appcore.dll
0x00007ffb734c0000 - 0x00007ffb735e9000 	C:\Windows\system32\uxtheme.dll
0x00007ffb75000000 - 0x00007ffb750b6000 	C:\Windows\SYSTEM32\clbcatq.dll
0x00007ffb503a0000 - 0x00007ffb5043d000 	C:\Windows\SYSTEM32\dsound.dll
0x00007ffb73e50000 - 0x00007ffb73e96000 	C:\Windows\SYSTEM32\POWRPROF.dll
0x00007ffb721e0000 - 0x00007ffb72250000 	C:\Windows\System32\MMDevApi.dll
0x00007ffb676c0000 - 0x00007ffb6773e000 	C:\Windows\SYSTEM32\AUDIOSES.DLL
0x00007ffb76da0000 - 0x00007ffb76e66000 	C:\Windows\system32\OLEAUT32.dll
0x00007ffb72b40000 - 0x00007ffb72b61000 	C:\Windows\system32\dwmapi.dll
0x000000006fa00000 - 0x00000000718d9000 	C:\Windows\SYSTEM32\nvoglv64.DLL
0x00007ffb76bc0000 - 0x00007ffb76d9a000 	C:\Windows\system32\SETUPAPI.dll
0x00007ffb73410000 - 0x00007ffb73422000 	C:\Windows\SYSTEM32\WTSAPI32.dll
0x00007ffb74a90000 - 0x00007ffb74ae1000 	C:\Windows\system32\WINTRUST.dll
0x00007ffb748b0000 - 0x00007ffb74a8f000 	C:\Windows\system32\CRYPT32.dll
0x00007ffb74890000 - 0x00007ffb748a1000 	C:\Windows\system32\MSASN1.dll
0x00007ffb6e360000 - 0x00007ffb6e392000 	C:\Windows\SYSTEM32\ntmarta.dll
0x00007ffb73a40000 - 0x00007ffb73a9a000 	C:\Windows\SYSTEM32\WINSTA.dll
0x00007ffb722e0000 - 0x00007ffb72372000 	C:\Windows\SYSTEM32\mscms.dll
0x00007ffb5e8d0000 - 0x00007ffb5e911000 	C:\Windows\SYSTEM32\icm32.dll

VM Arguments:
jvm_args: -Dfile.encoding=windows-1252 -Duser.country=US -Duser.language=en -Duser.variant 
java_command: com.phoenixkahlo.hellcraft.desktop.DesktopLauncher
java_class_path (initial): C:\Users\Phoenix\Desktop\Intellij\hellcraft\desktop\build\classes\main;C:\Users\Phoenix\Desktop\Intellij\hellcraft\desktop\build\resources\main;C:\Users\Phoenix\Desktop\Intellij\hellcraft\core\build\libs\core-1.0.jar;C:\Users\Phoenix\.gradle\caches\modules-2\files-2.1\com.badlogicgames.gdx\gdx-backend-lwjgl\1.9.6\ee7c23636ee4a942d329579daecc3ec5e517fe4c\gdx-backend-lwjgl-1.9.6.jar;C:\Users\Phoenix\.gradle\caches\modules-2\files-2.1\com.badlogicgames.gdx\gdx-platform\1.9.6\6f84dd7a18dc68e4ec492dfbb0594f930babcf63\gdx-platform-1.9.6-natives-desktop.jar;C:\Users\Phoenix\.gradle\caches\modules-2\files-2.1\com.badlogicgames.gdx\gdx-bullet-platform\1.9.6\7b1c77c4185abda72e489d66dd2e9d87328c081\gdx-bullet-platform-1.9.6-natives-desktop.jar;C:\Users\Phoenix\.gradle\caches\modules-2\files-2.1\com.badlogicgames.gdx\gdx\1.9.6\47d1e9b890e364ec28f128e9bb3b9a12a94c164\gdx-1.9.6.jar;C:\Users\Phoenix\.gradle\caches\modules-2\files-2.1\com.badlogicgames.gdx\gdx-bullet\1.9.6\13a6f83e5ae513c469b9998ed09409ae3667fed\gdx-bullet-1.9.6.jar;C:\Users\Phoenix\.gradle\caches\modules-2\files-2.1\org.scala-lang\scala-library\2.12.2\fe9780170207ebdabd4ac5bb335c82bd0aead480\scala-library-2.12.2.jar;C:\Users\Phoenix\.gradle\caches\modules-2\files-2.1\com.esotericsoftware\kryonet\2.22.0-RC1\2f25f7250a3096a8d1b8182946f6572d90d280d0\kryonet-2.22.0-RC1.jar;C:\Users\Phoenix\.gradle\caches\modules-2\files-2.1\com.twitter\chill_2.12\0.9.2\d48a263c821593e5ae21fefda486dbabcd91d5af\chill_2.12-0.9.2.jar;C:\Users\Phoenix\.m2\repository\org\lwjgl\lwjgl\lwjgl\2.9.2\lwjgl-2.9.2.jar;C:\Users\Phoenix\.m2\repository\org\lwjgl\lwjgl\lwjgl_util\2.9.2\lwjgl_util-2.9.2.jar;C:\Users\Phoenix\.m2\repository\com\badlogicgames\jlayer\jlayer\1.0.1-gdx\jlayer-1.0.1-gdx.jar;C:\Users\Phoenix\.m2\repository\org\jcraft\jorbis\0.0.17\jorbis-0.0.17.jar;C:\Users\Phoenix\.gradle\caches\modules-2\files-2.1\com.esotericsoftware.kryo\kryo\2.24.0\c6b206e80cfd97e66a1364003724491c757b92f\kryo-2.24.0.jar;C:\User
Launcher Type: SUN_STANDARD

Environment Variables:
JAVA_HOME=C:\Program Files\Java\jdk1.8.0_111
PATH=C:\ProgramData\Oracle\Java\javapath;C:\Program Files (x86)\NVIDIA Corporation\PhysX\Common;C:\Program Files (x86)\Intel\iCLS Client\;C:\Program Files\Intel\iCLS Client\;C:\Windows\system32;C:\Windows;C:\Windows\System32\Wbem;C:\Windows\System32\WindowsPowerShell\v1.0\;C:\Program Files\Intel\Intel(R) Management Engine Components\DAL;C:\Program Files (x86)\Intel\Intel(R) Management Engine Components\DAL;C:\Program Files\Intel\Intel(R) Management Engine Components\IPT;C:\Program Files (x86)\Intel\Intel(R) Management Engine Components\IPT;C:\Program Files\Git\cmd;C:\Windows\system32\config\systemprofile\.dnx\bin;C:\Program Files\Microsoft DNX\Dnvm\;C:cygwin64/bin;C:\Program Files (x86)\Windows Kits\10\Windows Performance Toolkit\;C:\Program Files\nodejs\;C:\Program Files (x86)\GtkSharp\2.12\bin;C:\Program Files (x86)\Skype\Phone\;C:\Program Files\PuTTY\;C:\Program Files\Java\jdk1.8.0_51\bin;C:\Users\Phoenix\AppData\Roaming\npm
USERNAME=Phoenix
OS=Windows_NT
PROCESSOR_IDENTIFIER=Intel64 Family 6 Model 60 Stepping 3, GenuineIntel



---------------  S Y S T E M  ---------------

OS: Windows 8.1 , 64 bit Build 9600 (6.3.9600.17415)

CPU:total 8 (4 cores per cpu, 2 threads per core) family 6 model 60 stepping 3, cmov, cx8, fxsr, mmx, sse, sse2, sse3, ssse3, sse4.1, sse4.2, popcnt, avx, avx2, aes, clmul, erms, lzcnt, ht, tsc, tscinvbit, bmi1, bmi2

Memory: 4k page, physical 25106136k(14012840k free), swap 31825528k(427240k free)

vm_info: Java HotSpot(TM) 64-Bit Server VM (25.111-b14) for windows-amd64 JRE (1.8.0_111-b14), built on Sep 22 2016 19:24:05 by "java_re" with MS VC++ 10.0 (VS2010)

time: Sun Jul 09 10:36:51 2017
elapsed time: 117 seconds (0d 0h 1m 57s)

